Using pre-set license
Built from '2020.3/staging' branch; Version is '2020.3.26f1 (7298b473bc1a) revision 7510196'; Using compiler version '192528614'; Build Type 'Release'
OS: 'Windows 10  (10.0.19044) 64bit Core' Language: 'en' Physical Memory: 16334 MB
BatchMode: 1, IsHumanControllingUs: 0, StartBugReporterOnCrash: 0, Is64bit: 1, IsPro: 0

COMMAND LINE ARGUMENTS:
C:\Program Files\Unity\Hub\Editor\2020.3.26f1\Editor\Unity.exe
-adb2
-batchMode
-noUpm
-name
AssetImportWorker0
-projectPath
C:/Users/beven/Desktop/UNI/Sem 2 2022/KIT307 Computer Graphics and Animation/Tuts/03/Assignment Test 1
-logFile
Logs/AssetImportWorker0.log
-srvPort
58757
Successfully changed project path to: C:/Users/beven/Desktop/UNI/Sem 2 2022/KIT307 Computer Graphics and Animation/Tuts/03/Assignment Test 1
C:/Users/beven/Desktop/UNI/Sem 2 2022/KIT307 Computer Graphics and Animation/Tuts/03/Assignment Test 1
Using Asset Import Pipeline V2.
Refreshing native plugins compatible for Editor in 70.54 ms, found 2 plugins.
Preloading 0 native plugins for Editor in 0.00 ms.
Initialize engine version: 2020.3.26f1 (7298b473bc1a)
[Subsystems] Discovering subsystems at path C:/Program Files/Unity/Hub/Editor/2020.3.26f1/Editor/Data/Resources/UnitySubsystems
[Subsystems] Discovering subsystems at path C:/Users/beven/Desktop/UNI/Sem 2 2022/KIT307 Computer Graphics and Animation/Tuts/03/Assignment Test 1/Assets
GfxDevice: creating device client; threaded=0
Direct3D:
    Version:  Direct3D 11.0 [level 11.1]
    Renderer: NVIDIA GeForce RTX 3060 Ti (ID=0x2486)
    Vendor:   
    VRAM:     8050 MB
    Driver:   31.0.15.2225
Initialize mono
Mono path[0] = 'C:/Program Files/Unity/Hub/Editor/2020.3.26f1/Editor/Data/Managed'
Mono path[1] = 'C:/Program Files/Unity/Hub/Editor/2020.3.26f1/Editor/Data/MonoBleedingEdge/lib/mono/unityjit'
Mono config path = 'C:/Program Files/Unity/Hub/Editor/2020.3.26f1/Editor/Data/MonoBleedingEdge/etc'
Using monoOptions --debugger-agent=transport=dt_socket,embedding=1,server=y,suspend=n,address=127.0.0.1:56676
Begin MonoManager ReloadAssembly
Registering precompiled unity dll's ...
Register platform support module: C:/Program Files/Unity/Hub/Editor/2020.3.26f1/Editor/Data/PlaybackEngines/WebGLSupport/UnityEditor.WebGL.Extensions.dll
Register platform support module: C:/Program Files/Unity/Hub/Editor/2020.3.26f1/Editor/Data/PlaybackEngines/WindowsStandaloneSupport/UnityEditor.WindowsStandalone.Extensions.dll
Registered in 0.005060 seconds.
Native extension for WindowsStandalone target not found
Native extension for WebGL target not found
Refreshing native plugins compatible for Editor in 73.54 ms, found 2 plugins.
Preloading 0 native plugins for Editor in 0.00 ms.
Mono: successfully reloaded assembly
- Completed reload, in  0.788 seconds
Domain Reload Profiling:
	ReloadAssembly (788ms)
		BeginReloadAssembly (81ms)
			ExecutionOrderSort (0ms)
			DisableScriptedObjects (0ms)
			BackupInstance (0ms)
			ReleaseScriptingObjects (0ms)
			CreateAndSetChildDomain (1ms)
		EndReloadAssembly (601ms)
			LoadAssemblies (75ms)
			RebuildTransferFunctionScriptingTraits (0ms)
			SetupTypeCache (179ms)
			ReleaseScriptCaches (0ms)
			RebuildScriptCaches (43ms)
			SetupLoadedEditorAssemblies (245ms)
				LogAssemblyErrors (0ms)
				InitializePlatformSupportModulesInManaged (7ms)
				SetLoadedEditorAssemblies (0ms)
				RefreshPlugins (74ms)
				BeforeProcessingInitializeOnLoad (21ms)
				ProcessInitializeOnLoadAttributes (107ms)
				ProcessInitializeOnLoadMethodAttributes (34ms)
				AfterProcessingInitializeOnLoad (0ms)
				EditorAssembliesLoaded (0ms)
			ExecutionOrderSort2 (0ms)
			AwakeInstancesAfterBackupRestoration (0ms)
Platform modules already initialized, skipping
Registering precompiled user dll's ...
Registered in 0.014149 seconds.
Begin MonoManager ReloadAssembly
Native extension for WindowsStandalone target not found
Native extension for WebGL target not found
Refreshing native plugins compatible for Editor in 66.51 ms, found 2 plugins.
Preloading 0 native plugins for Editor in 0.00 ms.
Mono: successfully reloaded assembly
- Completed reload, in  1.578 seconds
Domain Reload Profiling:
	ReloadAssembly (1581ms)
		BeginReloadAssembly (199ms)
			ExecutionOrderSort (0ms)
			DisableScriptedObjects (6ms)
			BackupInstance (0ms)
			ReleaseScriptingObjects (0ms)
			CreateAndSetChildDomain (25ms)
		EndReloadAssembly (1287ms)
			LoadAssemblies (140ms)
			RebuildTransferFunctionScriptingTraits (0ms)
			SetupTypeCache (391ms)
			ReleaseScriptCaches (1ms)
			RebuildScriptCaches (81ms)
			SetupLoadedEditorAssemblies (518ms)
				LogAssemblyErrors (0ms)
				InitializePlatformSupportModulesInManaged (6ms)
				SetLoadedEditorAssemblies (0ms)
				RefreshPlugins (67ms)
				BeforeProcessingInitializeOnLoad (136ms)
				ProcessInitializeOnLoadAttributes (280ms)
				ProcessInitializeOnLoadMethodAttributes (11ms)
				AfterProcessingInitializeOnLoad (18ms)
				EditorAssembliesLoaded (0ms)
			ExecutionOrderSort2 (0ms)
			AwakeInstancesAfterBackupRestoration (9ms)
Platform modules already initialized, skipping
========================================================================
Worker process is ready to serve import requests
Launched and connected shader compiler UnityShaderCompiler.exe after 0.21 seconds
Refreshing native plugins compatible for Editor in 1.03 ms, found 2 plugins.
Preloading 0 native plugins for Editor in 0.00 ms.
Unloading 2925 Unused Serialized files (Serialized files now loaded: 0)
System memory in use before: 127.5 MB.
System memory in use after: 127.7 MB.

Unloading 21 unused Assets to reduce memory usage. Loaded Objects now: 3358.
Total: 4.619700 ms (FindLiveObjects: 0.376100 ms CreateObjectMapping: 0.116800 ms MarkObjects: 4.024200 ms  DeleteObjects: 0.101100 ms)

AssetImportParameters requested are different than current active one (requested -> active):
  custom:framework-win-MediaFoundation: 216162199b28c13a410421893ffa2e32 -> 
  custom:video-decoder-ogg-theora: a1e56fd34408186e4bbccfd4996cb3dc -> 
  custom:container-muxer-webm: aa71ff27fc2769a1b78a27578f13a17b -> 
  custom:container-demuxer-webm: 4f35f7cbe854078d1ac9338744f61a02 -> 
  custom:container-demuxer-ogg: 62fdf1f143b41e24485cea50d1cbac27 -> 
  custom:video-encoder-webm-vp8: eb34c28f22e8b96e1ab97ce403110664 -> 
  custom:video-decoder-webm-vp8: 9c59270c3fd7afecdb556c50c9e8de78 -> 
  custom:audio-decoder-ogg-vorbis: bf7c407c2cedff20999df2af8eb42d56 -> 
  custom:audio-encoder-webm-vorbis: bf7c407c2cedff20999df2af8eb42d56 -> 
========================================================================
Received Import Request.
  path: Assets/Assignment2_172493/Prefabs
  artifactKey: Guid(d4f43e6cf886d8649a2b4bd0d759cf24) Importer(815301076,1909f56bfc062723c751e8b465ee728b)
Start importing Assets/Assignment2_172493/Prefabs using Guid(d4f43e6cf886d8649a2b4bd0d759cf24) Importer(815301076,1909f56bfc062723c751e8b465ee728b)  -> (artifact id: 'd63f97b76eabb8fef79817b8fe674bd2') in 0.022569 seconds 
  Import took 0.029020 seconds .

========================================================================
Received Import Request.
  Time since last request: 0.000325 seconds.
  path: Assets/Assignment2_172493/Materials
  artifactKey: Guid(d0242e4820465e04795b6955539246f0) Importer(815301076,1909f56bfc062723c751e8b465ee728b)
Start importing Assets/Assignment2_172493/Materials using Guid(d0242e4820465e04795b6955539246f0) Importer(815301076,1909f56bfc062723c751e8b465ee728b)  -> (artifact id: '429935cf45da335479f512d920d8becf') in 0.018892 seconds 
  Import took 0.026520 seconds .

========================================================================
Received Import Request.
  Time since last request: 0.000300 seconds.
  path: Assets/Assignment2_172493/CameraBlend
  artifactKey: Guid(576fdb148c6836946a49de817658da4e) Importer(815301076,1909f56bfc062723c751e8b465ee728b)
Start importing Assets/Assignment2_172493/CameraBlend using Guid(576fdb148c6836946a49de817658da4e) Importer(815301076,1909f56bfc062723c751e8b465ee728b)  -> (artifact id: '067fa5582852a96c1973cb4395941e4d') in 0.015667 seconds 
  Import took 0.022179 seconds .

========================================================================
Received Import Request.
  Time since last request: 2.707070 seconds.
  path: Assets/Assignment2_172493/Scripts
  artifactKey: Guid(ed665773d09c73a418b9136d5a9bd2bf) Importer(815301076,1909f56bfc062723c751e8b465ee728b)
Start importing Assets/Assignment2_172493/Scripts using Guid(ed665773d09c73a418b9136d5a9bd2bf) Importer(815301076,1909f56bfc062723c751e8b465ee728b)  -> (artifact id: '5a68d71a34b630ec13bc79f8ece88a84') in 0.013006 seconds 
  Import took 0.018015 seconds .

========================================================================
Received Import Request.
  Time since last request: 1.663700 seconds.
  path: Assets/Assignment2_172493/Sounds
  artifactKey: Guid(f93dc73e9f2649f439d88f072fa715f0) Importer(815301076,1909f56bfc062723c751e8b465ee728b)
Start importing Assets/Assignment2_172493/Sounds using Guid(f93dc73e9f2649f439d88f072fa715f0) Importer(815301076,1909f56bfc062723c751e8b465ee728b)  -> (artifact id: '608d08b4251cd9b818baa34bb253f7ff') in 0.015418 seconds 
  Import took 0.020478 seconds .

========================================================================
Received Import Request.
  Time since last request: 1.471176 seconds.
  path: Assets/Assignment2_172493/SpaceSkies Free
  artifactKey: Guid(3a58b5bc80b615146b8e816e5ab52bc2) Importer(815301076,1909f56bfc062723c751e8b465ee728b)
Start importing Assets/Assignment2_172493/SpaceSkies Free using Guid(3a58b5bc80b615146b8e816e5ab52bc2) Importer(815301076,1909f56bfc062723c751e8b465ee728b)  -> (artifact id: 'a1ceb898df5c2c8740dab464be586b4c') in 0.013003 seconds 
  Import took 0.017801 seconds .

========================================================================
Received Import Request.
  Time since last request: 1.262350 seconds.
  path: Assets/Assignment2_172493/Textures
  artifactKey: Guid(95d9b1565affd7f4aa1ec527c872f42b) Importer(815301076,1909f56bfc062723c751e8b465ee728b)
Start importing Assets/Assignment2_172493/Textures using Guid(95d9b1565affd7f4aa1ec527c872f42b) Importer(815301076,1909f56bfc062723c751e8b465ee728b)  -> (artifact id: 'c93e885e23498e75cc3a2b740af4db29') in 0.012510 seconds 
  Import took 0.017257 seconds .

========================================================================
Received Prepare
Registering precompiled user dll's ...
Registered in 0.014045 seconds.
Begin MonoManager ReloadAssembly
Native extension for WindowsStandalone target not found
Native extension for WebGL target not found
Refreshing native plugins compatible for Editor in 0.66 ms, found 2 plugins.
Preloading 0 native plugins for Editor in 0.00 ms.
Mono: successfully reloaded assembly
- Completed reload, in  1.433 seconds
Domain Reload Profiling:
	ReloadAssembly (1434ms)
		BeginReloadAssembly (160ms)
			ExecutionOrderSort (0ms)
			DisableScriptedObjects (6ms)
			BackupInstance (0ms)
			ReleaseScriptingObjects (0ms)
			CreateAndSetChildDomain (43ms)
		EndReloadAssembly (1179ms)
			LoadAssemblies (129ms)
			RebuildTransferFunctionScriptingTraits (0ms)
			SetupTypeCache (384ms)
			ReleaseScriptCaches (1ms)
			RebuildScriptCaches (69ms)
			SetupLoadedEditorAssemblies (461ms)
				LogAssemblyErrors (0ms)
				InitializePlatformSupportModulesInManaged (7ms)
				SetLoadedEditorAssemblies (1ms)
				RefreshPlugins (1ms)
				BeforeProcessingInitializeOnLoad (136ms)
				ProcessInitializeOnLoadAttributes (288ms)
				ProcessInitializeOnLoadMethodAttributes (12ms)
				AfterProcessingInitializeOnLoad (16ms)
				EditorAssembliesLoaded (0ms)
			ExecutionOrderSort2 (0ms)
			AwakeInstancesAfterBackupRestoration (8ms)
Platform modules already initialized, skipping
Refreshing native plugins compatible for Editor in 0.85 ms, found 2 plugins.
Preloading 0 native plugins for Editor in 0.00 ms.
Unloading 2844 Unused Serialized files (Serialized files now loaded: 0)
System memory in use before: 121.2 MB.
System memory in use after: 121.4 MB.

Unloading 33 unused Assets to reduce memory usage. Loaded Objects now: 3343.
Total: 3.682100 ms (FindLiveObjects: 0.312200 ms CreateObjectMapping: 0.081200 ms MarkObjects: 3.256500 ms  DeleteObjects: 0.030600 ms)

AssetImportParameters requested are different than current active one (requested -> active):
  custom:framework-win-MediaFoundation: 216162199b28c13a410421893ffa2e32 -> 
  custom:video-decoder-ogg-theora: a1e56fd34408186e4bbccfd4996cb3dc -> 
  custom:container-muxer-webm: aa71ff27fc2769a1b78a27578f13a17b -> 
  custom:container-demuxer-webm: 4f35f7cbe854078d1ac9338744f61a02 -> 
  custom:container-demuxer-ogg: 62fdf1f143b41e24485cea50d1cbac27 -> 
  custom:video-encoder-webm-vp8: eb34c28f22e8b96e1ab97ce403110664 -> 
  custom:video-decoder-webm-vp8: 9c59270c3fd7afecdb556c50c9e8de78 -> 
  custom:audio-decoder-ogg-vorbis: bf7c407c2cedff20999df2af8eb42d56 -> 
  custom:audio-encoder-webm-vorbis: bf7c407c2cedff20999df2af8eb42d56 -> 
========================================================================
Received Import Request.
  Time since last request: 57.920012 seconds.
  path: Assets/TextMesh Pro
  artifactKey: Guid(d6c0d56e398c5174b958ed87bac7711b) Importer(815301076,1909f56bfc062723c751e8b465ee728b)
Start importing Assets/TextMesh Pro using Guid(d6c0d56e398c5174b958ed87bac7711b) Importer(815301076,1909f56bfc062723c751e8b465ee728b)  -> (artifact id: '8dafed7241423d2aa6cee95f4b1aa142') in 0.024986 seconds 
  Import took 0.029973 seconds .

========================================================================
Received Import Request.
  Time since last request: 0.322358 seconds.
  path: Assets/Scenes
  artifactKey: Guid(8a670119a9ea95644a5f443d25cb08c7) Importer(815301076,1909f56bfc062723c751e8b465ee728b)
Start importing Assets/Scenes using Guid(8a670119a9ea95644a5f443d25cb08c7) Importer(815301076,1909f56bfc062723c751e8b465ee728b)  -> (artifact id: 'ec3f8dd9580d0f9edba879de8fe4a346') in 0.028742 seconds 
  Import took 0.033709 seconds .

========================================================================
Received Import Request.
  Time since last request: 1.507300 seconds.
  path: Assets/Scenes/SampleScene.unity
  artifactKey: Guid(9fc0d4010bbf28b4594072e72b8655ab) Importer(815301076,1909f56bfc062723c751e8b465ee728b)
Start importing Assets/Scenes/SampleScene.unity using Guid(9fc0d4010bbf28b4594072e72b8655ab) Importer(815301076,1909f56bfc062723c751e8b465ee728b)  -> (artifact id: '85059f4f9e1a832ed95adaa0d25c5c4c') in 0.032960 seconds 
  Import took 0.037963 seconds .

========================================================================
Received Prepare
Registering precompiled user dll's ...
Registered in 0.013293 seconds.
Begin MonoManager ReloadAssembly
Native extension for WindowsStandalone target not found
Native extension for WebGL target not found
Refreshing native plugins compatible for Editor in 0.64 ms, found 2 plugins.
Preloading 0 native plugins for Editor in 0.00 ms.
Mono: successfully reloaded assembly
- Completed reload, in  1.381 seconds
Domain Reload Profiling:
	ReloadAssembly (1382ms)
		BeginReloadAssembly (146ms)
			ExecutionOrderSort (0ms)
			DisableScriptedObjects (6ms)
			BackupInstance (0ms)
			ReleaseScriptingObjects (0ms)
			CreateAndSetChildDomain (41ms)
		EndReloadAssembly (1146ms)
			LoadAssemblies (130ms)
			RebuildTransferFunctionScriptingTraits (0ms)
			SetupTypeCache (369ms)
			ReleaseScriptCaches (2ms)
			RebuildScriptCaches (66ms)
			SetupLoadedEditorAssemblies (450ms)
				LogAssemblyErrors (0ms)
				InitializePlatformSupportModulesInManaged (7ms)
				SetLoadedEditorAssemblies (1ms)
				RefreshPlugins (1ms)
				BeforeProcessingInitializeOnLoad (136ms)
				ProcessInitializeOnLoadAttributes (278ms)
				ProcessInitializeOnLoadMethodAttributes (11ms)
				AfterProcessingInitializeOnLoad (16ms)
				EditorAssembliesLoaded (0ms)
			ExecutionOrderSort2 (0ms)
			AwakeInstancesAfterBackupRestoration (11ms)
Platform modules already initialized, skipping
Refreshing native plugins compatible for Editor in 0.67 ms, found 2 plugins.
Preloading 0 native plugins for Editor in 0.00 ms.
Unloading 2861 Unused Serialized files (Serialized files now loaded: 0)
System memory in use before: 121.6 MB.
System memory in use after: 121.9 MB.

Unloading 16 unused Assets to reduce memory usage. Loaded Objects now: 3362.
Total: 4.063600 ms (FindLiveObjects: 0.322200 ms CreateObjectMapping: 0.079800 ms MarkObjects: 3.625200 ms  DeleteObjects: 0.034400 ms)

AssetImportParameters requested are different than current active one (requested -> active):
  custom:framework-win-MediaFoundation: 216162199b28c13a410421893ffa2e32 -> 
  custom:video-decoder-ogg-theora: a1e56fd34408186e4bbccfd4996cb3dc -> 
  custom:container-muxer-webm: aa71ff27fc2769a1b78a27578f13a17b -> 
  custom:container-demuxer-webm: 4f35f7cbe854078d1ac9338744f61a02 -> 
  custom:container-demuxer-ogg: 62fdf1f143b41e24485cea50d1cbac27 -> 
  custom:video-encoder-webm-vp8: eb34c28f22e8b96e1ab97ce403110664 -> 
  custom:video-decoder-webm-vp8: 9c59270c3fd7afecdb556c50c9e8de78 -> 
  custom:audio-decoder-ogg-vorbis: bf7c407c2cedff20999df2af8eb42d56 -> 
  custom:audio-encoder-webm-vorbis: bf7c407c2cedff20999df2af8eb42d56 -> 
========================================================================
Received Import Request.
  Time since last request: 108.479525 seconds.
  path: Assets/Assignment2_172493/Movie.unity
  artifactKey: Guid(1b21219e63f2e064fb3930be6c4eb80b) Importer(815301076,1909f56bfc062723c751e8b465ee728b)
Start importing Assets/Assignment2_172493/Movie.unity using Guid(1b21219e63f2e064fb3930be6c4eb80b) Importer(815301076,1909f56bfc062723c751e8b465ee728b)  -> (artifact id: '0fd801f88dac9ab5b31414cd45944359') in 0.034040 seconds 
  Import took 0.039042 seconds .

========================================================================
Received Import Request.
  Time since last request: 2.212868 seconds.
  path: Assets/Assignment2_172493/Credits.unity
  artifactKey: Guid(35a4adc6025fe7949ab424b4de966a8d) Importer(815301076,1909f56bfc062723c751e8b465ee728b)
Start importing Assets/Assignment2_172493/Credits.unity using Guid(35a4adc6025fe7949ab424b4de966a8d) Importer(815301076,1909f56bfc062723c751e8b465ee728b)  -> (artifact id: '870c81c3c00d119a9cd42beff934adca') in 0.016129 seconds 
  Import took 0.021277 seconds .

========================================================================
Received Import Request.
  Time since last request: 9.800642 seconds.
  path: Assets/Assignment2_172493/Post Processing Profile.asset
  artifactKey: Guid(da115fa60f83eac449de2d6ba1f0deea) Importer(815301076,1909f56bfc062723c751e8b465ee728b)
Start importing Assets/Assignment2_172493/Post Processing Profile.asset using Guid(da115fa60f83eac449de2d6ba1f0deea) Importer(815301076,1909f56bfc062723c751e8b465ee728b)  -> (artifact id: 'e975464cac79bac81d8106363d21c38b') in 0.064992 seconds 
  Import took 0.069747 seconds .

========================================================================
Received Import Request.
  Time since last request: 0.440458 seconds.
  path: Assets/Assignment2_172493/UniversalRenderPipelineAsset.asset
  artifactKey: Guid(370fa036428b2314ab5546323389676a) Importer(815301076,1909f56bfc062723c751e8b465ee728b)
Start importing Assets/Assignment2_172493/UniversalRenderPipelineAsset.asset using Guid(370fa036428b2314ab5546323389676a) Importer(815301076,1909f56bfc062723c751e8b465ee728b)  -> (artifact id: '5ba0295092cd7375cab99f1a53b1cacd') in 0.064564 seconds 
  Import took 0.070210 seconds .

========================================================================
Received Import Request.
  Time since last request: 0.558960 seconds.
  path: Assets/Assignment2_172493/UniversalRenderPipelineAsset_Renderer.asset
  artifactKey: Guid(aa2df68bc7bdb264191e84ff1e1b208e) Importer(815301076,1909f56bfc062723c751e8b465ee728b)
Start importing Assets/Assignment2_172493/UniversalRenderPipelineAsset_Renderer.asset using Guid(aa2df68bc7bdb264191e84ff1e1b208e) Importer(815301076,1909f56bfc062723c751e8b465ee728b)  -> (artifact id: '734d1eb4a9b285a456457d007ace7711') in 0.081337 seconds 
  Import took 0.094968 seconds .

========================================================================
Received Prepare
Registering precompiled user dll's ...
Registered in 0.020489 seconds.
Begin MonoManager ReloadAssembly
Native extension for WindowsStandalone target not found
Native extension for WebGL target not found
Refreshing native plugins compatible for Editor in 0.70 ms, found 2 plugins.
Preloading 0 native plugins for Editor in 0.00 ms.
Mono: successfully reloaded assembly
- Completed reload, in  1.509 seconds
Domain Reload Profiling:
	ReloadAssembly (1509ms)
		BeginReloadAssembly (168ms)
			ExecutionOrderSort (0ms)
			DisableScriptedObjects (6ms)
			BackupInstance (0ms)
			ReleaseScriptingObjects (0ms)
			CreateAndSetChildDomain (44ms)
		EndReloadAssembly (1242ms)
			LoadAssemblies (146ms)
			RebuildTransferFunctionScriptingTraits (0ms)
			SetupTypeCache (447ms)
			ReleaseScriptCaches (1ms)
			RebuildScriptCaches (68ms)
			SetupLoadedEditorAssemblies (466ms)
				LogAssemblyErrors (0ms)
				InitializePlatformSupportModulesInManaged (7ms)
				SetLoadedEditorAssemblies (1ms)
				RefreshPlugins (1ms)
				BeforeProcessingInitializeOnLoad (139ms)
				ProcessInitializeOnLoadAttributes (290ms)
				ProcessInitializeOnLoadMethodAttributes (12ms)
				AfterProcessingInitializeOnLoad (16ms)
				EditorAssembliesLoaded (0ms)
			ExecutionOrderSort2 (0ms)
			AwakeInstancesAfterBackupRestoration (9ms)
Platform modules already initialized, skipping
Switching render pipeline 00000000000000000000000000000000 -> 370fa036428b2314ab5546323389676a
Refreshing native plugins compatible for Editor in 0.66 ms, found 2 plugins.
Preloading 0 native plugins for Editor in 0.00 ms.
Unloading 2909 Unused Serialized files (Serialized files now loaded: 0)
System memory in use before: 126.3 MB.
System memory in use after: 126.5 MB.

Unloading 16 unused Assets to reduce memory usage. Loaded Objects now: 3412.
Total: 3.767700 ms (FindLiveObjects: 0.286200 ms CreateObjectMapping: 0.084200 ms MarkObjects: 3.377700 ms  DeleteObjects: 0.018300 ms)

AssetImportParameters requested are different than current active one (requested -> active):
  custom:framework-win-MediaFoundation: 216162199b28c13a410421893ffa2e32 -> 
  custom:video-decoder-ogg-theora: a1e56fd34408186e4bbccfd4996cb3dc -> 
  custom:container-muxer-webm: aa71ff27fc2769a1b78a27578f13a17b -> 
  custom:container-demuxer-webm: 4f35f7cbe854078d1ac9338744f61a02 -> 
  custom:container-demuxer-ogg: 62fdf1f143b41e24485cea50d1cbac27 -> 
  custom:video-encoder-webm-vp8: eb34c28f22e8b96e1ab97ce403110664 -> 
  custom:video-decoder-webm-vp8: 9c59270c3fd7afecdb556c50c9e8de78 -> 
  custom:audio-decoder-ogg-vorbis: bf7c407c2cedff20999df2af8eb42d56 -> 
  custom:audio-encoder-webm-vorbis: bf7c407c2cedff20999df2af8eb42d56 -> 
========================================================================
Received Prepare
Registering precompiled user dll's ...
Registered in 0.013882 seconds.
Begin MonoManager ReloadAssembly
Native extension for WindowsStandalone target not found
Native extension for WebGL target not found
Refreshing native plugins compatible for Editor in 0.70 ms, found 2 plugins.
Preloading 0 native plugins for Editor in 0.00 ms.
Mono: successfully reloaded assembly
- Completed reload, in  1.523 seconds
Domain Reload Profiling:
	ReloadAssembly (1524ms)
		BeginReloadAssembly (143ms)
			ExecutionOrderSort (0ms)
			DisableScriptedObjects (7ms)
			BackupInstance (0ms)
			ReleaseScriptingObjects (0ms)
			CreateAndSetChildDomain (40ms)
		EndReloadAssembly (1287ms)
			LoadAssemblies (133ms)
			RebuildTransferFunctionScriptingTraits (0ms)
			SetupTypeCache (374ms)
			ReleaseScriptCaches (1ms)
			RebuildScriptCaches (67ms)
			SetupLoadedEditorAssemblies (564ms)
				LogAssemblyErrors (0ms)
				InitializePlatformSupportModulesInManaged (7ms)
				SetLoadedEditorAssemblies (1ms)
				RefreshPlugins (1ms)
				BeforeProcessingInitializeOnLoad (158ms)
				ProcessInitializeOnLoadAttributes (366ms)
				ProcessInitializeOnLoadMethodAttributes (13ms)
				AfterProcessingInitializeOnLoad (19ms)
				EditorAssembliesLoaded (1ms)
			ExecutionOrderSort2 (0ms)
			AwakeInstancesAfterBackupRestoration (15ms)
Platform modules already initialized, skipping
Switching render pipeline 00000000000000000000000000000000 -> 370fa036428b2314ab5546323389676a
Refreshing native plugins compatible for Editor in 0.73 ms, found 2 plugins.
Preloading 0 native plugins for Editor in 0.00 ms.
Unloading 2861 Unused Serialized files (Serialized files now loaded: 0)
System memory in use before: 124.8 MB.
System memory in use after: 125.0 MB.

Unloading 16 unused Assets to reduce memory usage. Loaded Objects now: 3414.
Total: 4.623300 ms (FindLiveObjects: 0.520300 ms CreateObjectMapping: 0.167700 ms MarkObjects: 3.903400 ms  DeleteObjects: 0.030200 ms)

AssetImportParameters requested are different than current active one (requested -> active):
  custom:framework-win-MediaFoundation: 216162199b28c13a410421893ffa2e32 -> 
  custom:video-decoder-ogg-theora: a1e56fd34408186e4bbccfd4996cb3dc -> 
  custom:container-muxer-webm: aa71ff27fc2769a1b78a27578f13a17b -> 
  custom:container-demuxer-webm: 4f35f7cbe854078d1ac9338744f61a02 -> 
  custom:container-demuxer-ogg: 62fdf1f143b41e24485cea50d1cbac27 -> 
  custom:video-encoder-webm-vp8: eb34c28f22e8b96e1ab97ce403110664 -> 
  custom:video-decoder-webm-vp8: 9c59270c3fd7afecdb556c50c9e8de78 -> 
  custom:audio-decoder-ogg-vorbis: bf7c407c2cedff20999df2af8eb42d56 -> 
  custom:audio-encoder-webm-vorbis: bf7c407c2cedff20999df2af8eb42d56 -> 
========================================================================
Received Import Request.
  Time since last request: 799.202609 seconds.
  path: Assets/Assignment2_172493/UniversalRenderPipelineAsset.asset
  artifactKey: Guid(370fa036428b2314ab5546323389676a) Importer(815301076,1909f56bfc062723c751e8b465ee728b)
Start importing Assets/Assignment2_172493/UniversalRenderPipelineAsset.asset using Guid(370fa036428b2314ab5546323389676a) Importer(815301076,1909f56bfc062723c751e8b465ee728b)  -> (artifact id: '98f4f9738bd56791b8157d5efdbed91e') in 0.037677 seconds 
  Import took 0.043521 seconds .

========================================================================
Received Prepare
Registering precompiled user dll's ...
Registered in 0.016075 seconds.
Begin MonoManager ReloadAssembly
Native extension for WindowsStandalone target not found
Native extension for WebGL target not found
Refreshing native plugins compatible for Editor in 0.72 ms, found 2 plugins.
Preloading 0 native plugins for Editor in 0.00 ms.
Mono: successfully reloaded assembly
- Completed reload, in  1.528 seconds
Domain Reload Profiling:
	ReloadAssembly (1529ms)
		BeginReloadAssembly (200ms)
			ExecutionOrderSort (0ms)
			DisableScriptedObjects (9ms)
			BackupInstance (0ms)
			ReleaseScriptingObjects (0ms)
			CreateAndSetChildDomain (63ms)
		EndReloadAssembly (1226ms)
			LoadAssemblies (153ms)
			RebuildTransferFunctionScriptingTraits (0ms)
			SetupTypeCache (398ms)
			ReleaseScriptCaches (1ms)
			RebuildScriptCaches (70ms)
			SetupLoadedEditorAssemblies (459ms)
				LogAssemblyErrors (0ms)
				InitializePlatformSupportModulesInManaged (7ms)
				SetLoadedEditorAssemblies (1ms)
				RefreshPlugins (1ms)
				BeforeProcessingInitializeOnLoad (132ms)
				ProcessInitializeOnLoadAttributes (289ms)
				ProcessInitializeOnLoadMethodAttributes (12ms)
				AfterProcessingInitializeOnLoad (17ms)
				EditorAssembliesLoaded (1ms)
			ExecutionOrderSort2 (0ms)
			AwakeInstancesAfterBackupRestoration (14ms)
Platform modules already initialized, skipping
Refreshing native plugins compatible for Editor in 0.67 ms, found 2 plugins.
Preloading 0 native plugins for Editor in 0.00 ms.
Unloading 2874 Unused Serialized files (Serialized files now loaded: 0)
System memory in use before: 126.8 MB.
System memory in use after: 126.5 MB.

Unloading 28 unused Assets to reduce memory usage. Loaded Objects now: 3417.
Total: 4.241200 ms (FindLiveObjects: 0.316500 ms CreateObjectMapping: 0.092700 ms MarkObjects: 3.461700 ms  DeleteObjects: 0.368400 ms)

AssetImportParameters requested are different than current active one (requested -> active):
  custom:framework-win-MediaFoundation: 216162199b28c13a410421893ffa2e32 -> 
  custom:video-decoder-ogg-theora: a1e56fd34408186e4bbccfd4996cb3dc -> 
  custom:container-muxer-webm: aa71ff27fc2769a1b78a27578f13a17b -> 
  custom:container-demuxer-webm: 4f35f7cbe854078d1ac9338744f61a02 -> 
  custom:container-demuxer-ogg: 62fdf1f143b41e24485cea50d1cbac27 -> 
  custom:video-encoder-webm-vp8: eb34c28f22e8b96e1ab97ce403110664 -> 
  custom:video-decoder-webm-vp8: 9c59270c3fd7afecdb556c50c9e8de78 -> 
  custom:audio-decoder-ogg-vorbis: bf7c407c2cedff20999df2af8eb42d56 -> 
  custom:audio-encoder-webm-vorbis: bf7c407c2cedff20999df2af8eb42d56 -> 
========================================================================
Received Prepare
Registering precompiled user dll's ...
Registered in 0.013684 seconds.
Begin MonoManager ReloadAssembly
Native extension for WindowsStandalone target not found
Native extension for WebGL target not found
Refreshing native plugins compatible for Editor in 0.71 ms, found 2 plugins.
Preloading 0 native plugins for Editor in 0.00 ms.
Mono: successfully reloaded assembly
- Completed reload, in  1.619 seconds
Domain Reload Profiling:
	ReloadAssembly (1620ms)
		BeginReloadAssembly (159ms)
			ExecutionOrderSort (0ms)
			DisableScriptedObjects (8ms)
			BackupInstance (0ms)
			ReleaseScriptingObjects (0ms)
			CreateAndSetChildDomain (45ms)
		EndReloadAssembly (1365ms)
			LoadAssemblies (146ms)
			RebuildTransferFunctionScriptingTraits (0ms)
			SetupTypeCache (432ms)
			ReleaseScriptCaches (2ms)
			RebuildScriptCaches (78ms)
			SetupLoadedEditorAssemblies (545ms)
				LogAssemblyErrors (0ms)
				InitializePlatformSupportModulesInManaged (9ms)
				SetLoadedEditorAssemblies (1ms)
				RefreshPlugins (1ms)
				BeforeProcessingInitializeOnLoad (147ms)
				ProcessInitializeOnLoadAttributes (355ms)
				ProcessInitializeOnLoadMethodAttributes (15ms)
				AfterProcessingInitializeOnLoad (18ms)
				EditorAssembliesLoaded (1ms)
			ExecutionOrderSort2 (0ms)
			AwakeInstancesAfterBackupRestoration (15ms)
Platform modules already initialized, skipping
Refreshing native plugins compatible for Editor in 0.74 ms, found 2 plugins.
Preloading 0 native plugins for Editor in 0.00 ms.
Unloading 2873 Unused Serialized files (Serialized files now loaded: 0)
System memory in use before: 126.8 MB.
System memory in use after: 126.4 MB.

Unloading 28 unused Assets to reduce memory usage. Loaded Objects now: 3419.
Total: 5.943700 ms (FindLiveObjects: 0.403700 ms CreateObjectMapping: 0.095600 ms MarkObjects: 5.017500 ms  DeleteObjects: 0.424300 ms)

AssetImportParameters requested are different than current active one (requested -> active):
  custom:framework-win-MediaFoundation: 216162199b28c13a410421893ffa2e32 -> 
  custom:video-decoder-ogg-theora: a1e56fd34408186e4bbccfd4996cb3dc -> 
  custom:container-muxer-webm: aa71ff27fc2769a1b78a27578f13a17b -> 
  custom:container-demuxer-webm: 4f35f7cbe854078d1ac9338744f61a02 -> 
  custom:container-demuxer-ogg: 62fdf1f143b41e24485cea50d1cbac27 -> 
  custom:video-encoder-webm-vp8: eb34c28f22e8b96e1ab97ce403110664 -> 
  custom:video-decoder-webm-vp8: 9c59270c3fd7afecdb556c50c9e8de78 -> 
  custom:audio-decoder-ogg-vorbis: bf7c407c2cedff20999df2af8eb42d56 -> 
  custom:audio-encoder-webm-vorbis: bf7c407c2cedff20999df2af8eb42d56 -> 
========================================================================
Received Import Request.
  Time since last request: 1126.372534 seconds.
  path: Assets/Assignment2_172493/Credits.unity
  artifactKey: Guid(35a4adc6025fe7949ab424b4de966a8d) Importer(815301076,1909f56bfc062723c751e8b465ee728b)
Start importing Assets/Assignment2_172493/Credits.unity using Guid(35a4adc6025fe7949ab424b4de966a8d) Importer(815301076,1909f56bfc062723c751e8b465ee728b)  -> (artifact id: '7c907fd563813f9fdfc3bd4d1e1b83ab') in 0.040743 seconds 
  Import took 0.046232 seconds .

AssetImportWorkerClient::OnTransportError - code=2 error=End of file
